0 info it worked if it ends with ok
1 verbose cli [ '/home/ec2-user/software/node-v6.11.0-linux-x64/bin/node',
1 verbose cli   '/home/ec2-user/software/node-v6.11.0-linux-x64/bin/npm',
1 verbose cli   'install',
1 verbose cli   'iconv' ]
2 info using npm@3.10.10
3 info using node@v6.11.0
4 silly loadCurrentTree Starting
5 silly install loadCurrentTree
6 silly install readLocalPackageData
7 silly fetchPackageMetaData iconv
8 silly fetchNamedPackageData iconv
9 silly mapToRegistry name iconv
10 silly mapToRegistry using default registry
11 silly mapToRegistry registry https://registry.npmjs.org/
12 silly mapToRegistry data Result {
12 silly mapToRegistry   raw: 'iconv',
12 silly mapToRegistry   scope: null,
12 silly mapToRegistry   escapedName: 'iconv',
12 silly mapToRegistry   name: 'iconv',
12 silly mapToRegistry   rawSpec: '',
12 silly mapToRegistry   spec: 'latest',
12 silly mapToRegistry   type: 'tag' }
13 silly mapToRegistry uri https://registry.npmjs.org/iconv
14 verbose request uri https://registry.npmjs.org/iconv
15 verbose request no auth needed
16 info attempt registry request try #1 at 6:51:06 AM
17 verbose request id fd18071c65ab1c93
18 http request GET https://registry.npmjs.org/iconv
19 http 200 https://registry.npmjs.org/iconv
20 verbose headers { server: 'nginx/1.10.1',
20 verbose headers   'content-type': 'application/json',
20 verbose headers   'last-modified': 'Sun, 25 Jun 2017 22:28:50 GMT',
20 verbose headers   etag: 'W/"59503922-a11a"',
20 verbose headers   'content-encoding': 'gzip',
20 verbose headers   'cache-control': 'max-age=300',
20 verbose headers   'content-length': '6683',
20 verbose headers   'accept-ranges': 'bytes',
20 verbose headers   date: 'Thu, 03 Aug 2017 10:51:07 GMT',
20 verbose headers   via: '1.1 varnish',
20 verbose headers   age: '0',
20 verbose headers   connection: 'keep-alive',
20 verbose headers   'x-served-by': 'cache-sea1046-SEA',
20 verbose headers   'x-cache': 'MISS',
20 verbose headers   'x-cache-hits': '0',
20 verbose headers   'x-timer': 'S1501757467.012483,VS0,VE83',
20 verbose headers   vary: 'Accept-Encoding, Accept' }
21 silly get cb [ 200,
21 silly get   { server: 'nginx/1.10.1',
21 silly get     'content-type': 'application/json',
21 silly get     'last-modified': 'Sun, 25 Jun 2017 22:28:50 GMT',
21 silly get     etag: 'W/"59503922-a11a"',
21 silly get     'content-encoding': 'gzip',
21 silly get     'cache-control': 'max-age=300',
21 silly get     'content-length': '6683',
21 silly get     'accept-ranges': 'bytes',
21 silly get     date: 'Thu, 03 Aug 2017 10:51:07 GMT',
21 silly get     via: '1.1 varnish',
21 silly get     age: '0',
21 silly get     connection: 'keep-alive',
21 silly get     'x-served-by': 'cache-sea1046-SEA',
21 silly get     'x-cache': 'MISS',
21 silly get     'x-cache-hits': '0',
21 silly get     'x-timer': 'S1501757467.012483,VS0,VE83',
21 silly get     vary: 'Accept-Encoding, Accept' } ]
22 verbose get saving iconv to /home/ec2-user/.npm/registry.npmjs.org/iconv/.cache.json
23 verbose correctMkdir /home/ec2-user/.npm correctMkdir not in flight; initializing
24 silly install normalizeTree
25 silly loadCurrentTree Finishing
26 silly loadIdealTree Starting
27 silly install loadIdealTree
28 silly cloneCurrentTree Starting
29 silly install cloneCurrentTreeToIdealTree
30 silly cloneCurrentTree Finishing
31 silly loadShrinkwrap Starting
32 silly install loadShrinkwrap
33 silly loadShrinkwrap Finishing
34 silly loadAllDepsIntoIdealTree Starting
35 silly install loadAllDepsIntoIdealTree
36 silly resolveWithNewModule iconv@2.3.0 checking installable status
37 silly cache add args [ 'iconv', null ]
38 verbose cache add spec iconv
39 silly cache add parsed spec Result {
39 silly cache add   raw: 'iconv',
39 silly cache add   scope: null,
39 silly cache add   escapedName: 'iconv',
39 silly cache add   name: 'iconv',
39 silly cache add   rawSpec: '',
39 silly cache add   spec: 'latest',
39 silly cache add   type: 'tag' }
40 silly addNamed iconv@latest
41 verbose addNamed "latest" is being treated as a dist-tag for iconv
42 info addNameTag [ 'iconv', 'latest' ]
43 silly mapToRegistry name iconv
44 silly mapToRegistry using default registry
45 silly mapToRegistry registry https://registry.npmjs.org/
46 silly mapToRegistry data Result {
46 silly mapToRegistry   raw: 'iconv',
46 silly mapToRegistry   scope: null,
46 silly mapToRegistry   escapedName: 'iconv',
46 silly mapToRegistry   name: 'iconv',
46 silly mapToRegistry   rawSpec: '',
46 silly mapToRegistry   spec: 'latest',
46 silly mapToRegistry   type: 'tag' }
47 silly mapToRegistry uri https://registry.npmjs.org/iconv
48 verbose addNameTag registry:https://registry.npmjs.org/iconv not in flight; fetching
49 verbose get https://registry.npmjs.org/iconv not expired, no request
50 silly addNameTag next cb for iconv with tag latest
51 silly addNamed iconv@2.3.0
52 verbose addNamed "2.3.0" is a plain semver version for iconv
53 silly mapToRegistry name iconv
54 silly mapToRegistry using default registry
55 silly mapToRegistry registry https://registry.npmjs.org/
56 silly mapToRegistry data Result {
56 silly mapToRegistry   raw: 'iconv',
56 silly mapToRegistry   scope: null,
56 silly mapToRegistry   escapedName: 'iconv',
56 silly mapToRegistry   name: 'iconv',
56 silly mapToRegistry   rawSpec: '',
56 silly mapToRegistry   spec: 'latest',
56 silly mapToRegistry   type: 'tag' }
57 silly mapToRegistry uri https://registry.npmjs.org/iconv
58 verbose addRemoteTarball https://registry.npmjs.org/iconv/-/iconv-2.3.0.tgz not in flight; adding
59 verbose addRemoteTarball [ 'https://registry.npmjs.org/iconv/-/iconv-2.3.0.tgz',
59 verbose addRemoteTarball   '9739887c2bd492d9a5e236dd3667c5358601201b' ]
60 info retry fetch attempt 1 at 6:51:07 AM
61 info attempt registry request try #1 at 6:51:07 AM
62 http fetch GET https://registry.npmjs.org/iconv/-/iconv-2.3.0.tgz
63 http fetch 200 https://registry.npmjs.org/iconv/-/iconv-2.3.0.tgz
64 silly fetchAndShaCheck shasum 9739887c2bd492d9a5e236dd3667c5358601201b
65 verbose addTmpTarball /tmp/npm-12929-2d4fdb75/registry.npmjs.org/iconv/-/iconv-2.3.0.tgz not in flight; adding
66 verbose addTmpTarball already have metadata; skipping unpack for iconv@2.3.0
67 verbose correctMkdir /home/ec2-user/.npm correctMkdir not in flight; initializing
68 silly cache afterAdd iconv@2.3.0
69 verbose afterAdd /home/ec2-user/.npm/iconv/2.3.0/package/package.json not in flight; writing
70 verbose correctMkdir /home/ec2-user/.npm correctMkdir not in flight; initializing
71 verbose afterAdd /home/ec2-user/.npm/iconv/2.3.0/package/package.json written
72 silly fetchNamedPackageData nan
73 silly mapToRegistry name nan
74 silly mapToRegistry using default registry
75 silly mapToRegistry registry https://registry.npmjs.org/
76 silly mapToRegistry data Result {
76 silly mapToRegistry   raw: 'nan',
76 silly mapToRegistry   scope: null,
76 silly mapToRegistry   escapedName: 'nan',
76 silly mapToRegistry   name: 'nan',
76 silly mapToRegistry   rawSpec: '',
76 silly mapToRegistry   spec: 'latest',
76 silly mapToRegistry   type: 'tag' }
77 silly mapToRegistry uri https://registry.npmjs.org/nan
78 verbose request uri https://registry.npmjs.org/nan
79 verbose request no auth needed
80 info attempt registry request try #1 at 6:51:07 AM
81 http request GET https://registry.npmjs.org/nan
82 http 200 https://registry.npmjs.org/nan
83 verbose headers { server: 'nginx/1.10.3',
83 verbose headers   'content-type': 'application/json',
83 verbose headers   'last-modified': 'Thu, 27 Jul 2017 17:03:33 GMT',
83 verbose headers   etag: 'W/"597a1ce5-1fa1a"',
83 verbose headers   'content-encoding': 'gzip',
83 verbose headers   'cache-control': 'max-age=300',
83 verbose headers   'content-length': '15256',
83 verbose headers   'accept-ranges': 'bytes',
83 verbose headers   date: 'Thu, 03 Aug 2017 10:51:07 GMT',
83 verbose headers   via: '1.1 varnish',
83 verbose headers   age: '0',
83 verbose headers   connection: 'keep-alive',
83 verbose headers   'x-served-by': 'cache-sea1046-SEA',
83 verbose headers   'x-cache': 'HIT',
83 verbose headers   'x-cache-hits': '1',
83 verbose headers   'x-timer': 'S1501757468.562892,VS0,VE0',
83 verbose headers   vary: 'Accept-Encoding, Accept' }
84 silly get cb [ 200,
84 silly get   { server: 'nginx/1.10.3',
84 silly get     'content-type': 'application/json',
84 silly get     'last-modified': 'Thu, 27 Jul 2017 17:03:33 GMT',
84 silly get     etag: 'W/"597a1ce5-1fa1a"',
84 silly get     'content-encoding': 'gzip',
84 silly get     'cache-control': 'max-age=300',
84 silly get     'content-length': '15256',
84 silly get     'accept-ranges': 'bytes',
84 silly get     date: 'Thu, 03 Aug 2017 10:51:07 GMT',
84 silly get     via: '1.1 varnish',
84 silly get     age: '0',
84 silly get     connection: 'keep-alive',
84 silly get     'x-served-by': 'cache-sea1046-SEA',
84 silly get     'x-cache': 'HIT',
84 silly get     'x-cache-hits': '1',
84 silly get     'x-timer': 'S1501757468.562892,VS0,VE0',
84 silly get     vary: 'Accept-Encoding, Accept' } ]
85 verbose get saving nan to /home/ec2-user/.npm/registry.npmjs.org/nan/.cache.json
86 verbose correctMkdir /home/ec2-user/.npm correctMkdir not in flight; initializing
87 silly resolveWithNewModule nan@2.6.2 checking installable status
88 silly cache add args [ 'nan@^2.3.5', null ]
89 verbose cache add spec nan@^2.3.5
90 silly cache add parsed spec Result {
90 silly cache add   raw: 'nan@^2.3.5',
90 silly cache add   scope: null,
90 silly cache add   escapedName: 'nan',
90 silly cache add   name: 'nan',
90 silly cache add   rawSpec: '^2.3.5',
90 silly cache add   spec: '>=2.3.5 <3.0.0',
90 silly cache add   type: 'range' }
91 silly addNamed nan@>=2.3.5 <3.0.0
92 verbose addNamed ">=2.3.5 <3.0.0" is a valid semver range for nan
93 silly addNameRange { name: 'nan', range: '>=2.3.5 <3.0.0', hasData: false }
94 silly mapToRegistry name nan
95 silly mapToRegistry using default registry
96 silly mapToRegistry registry https://registry.npmjs.org/
97 silly mapToRegistry data Result {
97 silly mapToRegistry   raw: 'nan',
97 silly mapToRegistry   scope: null,
97 silly mapToRegistry   escapedName: 'nan',
97 silly mapToRegistry   name: 'nan',
97 silly mapToRegistry   rawSpec: '',
97 silly mapToRegistry   spec: 'latest',
97 silly mapToRegistry   type: 'tag' }
98 silly mapToRegistry uri https://registry.npmjs.org/nan
99 verbose addNameRange registry:https://registry.npmjs.org/nan not in flight; fetching
100 verbose get https://registry.npmjs.org/nan not expired, no request
101 silly addNameRange number 2 { name: 'nan', range: '>=2.3.5 <3.0.0', hasData: true }
102 silly addNameRange versions [ 'nan',
102 silly addNameRange   [ '0.3.0-wip',
102 silly addNameRange     '0.3.0-wip2',
102 silly addNameRange     '0.3.0',
102 silly addNameRange     '0.3.1',
102 silly addNameRange     '0.3.2',
102 silly addNameRange     '0.4.0',
102 silly addNameRange     '0.4.1',
102 silly addNameRange     '0.4.2',
102 silly addNameRange     '0.4.3',
102 silly addNameRange     '0.4.4',
102 silly addNameRange     '0.5.0',
102 silly addNameRange     '0.5.1',
102 silly addNameRange     '0.5.2',
102 silly addNameRange     '0.6.0',
102 silly addNameRange     '0.7.0',
102 silly addNameRange     '0.7.1',
102 silly addNameRange     '0.8.0',
102 silly addNameRange     '1.0.0',
102 silly addNameRange     '1.1.0',
102 silly addNameRange     '1.1.1',
102 silly addNameRange     '1.1.2',
102 silly addNameRange     '1.2.0',
102 silly addNameRange     '1.3.0',
102 silly addNameRange     '1.4.0',
102 silly addNameRange     '1.4.1',
102 silly addNameRange     '1.5.0',
102 silly addNameRange     '1.4.2',
102 silly addNameRange     '1.4.3',
102 silly addNameRange     '1.5.1',
102 silly addNameRange     '1.5.2',
102 silly addNameRange     '1.6.0',
102 silly addNameRange     '1.5.3',
102 silly addNameRange     '1.6.1',
102 silly addNameRange     '1.6.2',
102 silly addNameRange     '1.7.0',
102 silly addNameRange     '1.8.0',
102 silly addNameRange     '1.8.1',
102 silly addNameRange     '1.8.2',
102 silly addNameRange     '1.8.3',
102 silly addNameRange     '1.8.4',
102 silly addNameRange     '1.9.0',
102 silly addNameRange     '2.0.0',
102 silly addNameRange     '2.0.1',
102 silly addNameRange     '2.0.2',
102 silly addNameRange     '2.0.3',
102 silly addNameRange     '2.0.4',
102 silly addNameRange     '2.0.5',
102 silly addNameRange     '2.0.6',
102 silly addNameRange     '2.0.7',
102 silly addNameRange     '2.0.8',
102 silly addNameRange     '2.0.9',
102 silly addNameRange     '2.1.0',
102 silly addNameRange     '2.2.0',
102 silly addNameRange     '2.2.1',
102 silly addNameRange     '2.3.0',
102 silly addNameRange     '2.3.1',
102 silly addNameRange     '2.3.2',
102 silly addNameRange     '2.3.3',
102 silly addNameRange     '2.3.4',
102 silly addNameRange     '2.3.5',
102 silly addNameRange     '2.4.0',
102 silly addNameRange     '2.5.0',
102 silly addNameRange     '2.5.1',
102 silly addNameRange     '2.6.0',
102 silly addNameRange     '2.6.1',
102 silly addNameRange     '2.6.2' ] ]
103 silly addNamed nan@2.6.2
104 verbose addNamed "2.6.2" is a plain semver version for nan
105 silly mapToRegistry name nan
106 silly mapToRegistry using default registry
107 silly mapToRegistry registry https://registry.npmjs.org/
108 silly mapToRegistry data Result {
108 silly mapToRegistry   raw: 'nan',
108 silly mapToRegistry   scope: null,
108 silly mapToRegistry   escapedName: 'nan',
108 silly mapToRegistry   name: 'nan',
108 silly mapToRegistry   rawSpec: '',
108 silly mapToRegistry   spec: 'latest',
108 silly mapToRegistry   type: 'tag' }
109 silly mapToRegistry uri https://registry.npmjs.org/nan
110 verbose addRemoteTarball https://registry.npmjs.org/nan/-/nan-2.6.2.tgz not in flight; adding
111 verbose addRemoteTarball [ 'https://registry.npmjs.org/nan/-/nan-2.6.2.tgz',
111 verbose addRemoteTarball   'e4ff34e6c95fdfb5aecc08de6596f43605a7db45' ]
112 info retry fetch attempt 1 at 6:51:07 AM
113 info attempt registry request try #1 at 6:51:07 AM
114 http fetch GET https://registry.npmjs.org/nan/-/nan-2.6.2.tgz
115 http fetch 200 https://registry.npmjs.org/nan/-/nan-2.6.2.tgz
116 silly fetchAndShaCheck shasum e4ff34e6c95fdfb5aecc08de6596f43605a7db45
117 verbose addTmpTarball /tmp/npm-12929-2d4fdb75/registry.npmjs.org/nan/-/nan-2.6.2.tgz not in flight; adding
118 verbose addTmpTarball already have metadata; skipping unpack for nan@2.6.2
119 verbose correctMkdir /home/ec2-user/.npm correctMkdir not in flight; initializing
120 silly cache afterAdd nan@2.6.2
121 verbose afterAdd /home/ec2-user/.npm/nan/2.6.2/package/package.json not in flight; writing
122 verbose correctMkdir /home/ec2-user/.npm correctMkdir not in flight; initializing
123 verbose afterAdd /home/ec2-user/.npm/nan/2.6.2/package/package.json written
124 silly loadAllDepsIntoIdealTree Finishing
125 silly loadIdealTree Finishing
126 silly currentTree WeChatPublicAccount
126 silly currentTree ├── accepts@1.3.3
126 silly currentTree ├── ajv@4.11.8
126 silly currentTree ├── array-flatten@1.1.1
126 silly currentTree ├── asn1@0.2.3
126 silly currentTree ├── assert-plus@0.2.0
126 silly currentTree ├── async@2.1.4
126 silly currentTree ├── asynckit@0.4.0
126 silly currentTree ├── aws-sign2@0.6.0
126 silly currentTree ├── aws4@1.6.0
126 silly currentTree ├── bcrypt-pbkdf@1.0.1
126 silly currentTree ├── bluebird@3.5.0
126 silly currentTree ├── body-parser@1.17.2
126 silly currentTree ├── boom@2.10.1
126 silly currentTree ├── bson@1.0.4
126 silly currentTree ├── bson@1.0.4
126 silly currentTree ├── buffer-shims@1.0.0
126 silly currentTree ├── buffer-shims@1.0.0
126 silly currentTree ├── bytes@2.4.0
126 silly currentTree ├── caseless@0.12.0
126 silly currentTree ├── co@4.6.0
126 silly currentTree ├── combined-stream@1.0.5
126 silly currentTree ├── content-disposition@0.5.2
126 silly currentTree ├── content-type@1.0.2
126 silly currentTree ├── cookie-signature@1.0.6
126 silly currentTree ├── cookie@0.3.1
126 silly currentTree ├── core-util-is@1.0.2
126 silly currentTree ├── core-util-is@1.0.2
126 silly currentTree ├── crc@3.4.4
126 silly currentTree ├── cryptiles@2.0.5
126 silly currentTree ├─┬ dashdash@1.14.1
126 silly currentTree │ └── assert-plus@1.0.0
126 silly currentTree ├── debug@2.6.7
126 silly currentTree ├── delayed-stream@1.0.0
126 silly currentTree ├── depd@1.1.0
126 silly currentTree ├── destroy@1.0.4
126 silly currentTree ├── ecc-jsbn@0.1.1
126 silly currentTree ├── ee-first@1.1.1
126 silly currentTree ├── ejs@2.5.6
126 silly currentTree ├── encodeurl@1.0.1
126 silly currentTree ├── es6-promise@3.2.1
126 silly currentTree ├── es6-promise@3.2.1
126 silly currentTree ├── escape-html@1.0.3
126 silly currentTree ├── etag@1.8.0
126 silly currentTree ├─┬ express-session@1.15.4
126 silly currentTree │ └── debug@2.6.8
126 silly currentTree ├── express@4.15.3
126 silly currentTree ├── extend@3.0.1
126 silly currentTree ├── extsprintf@1.0.2
126 silly currentTree ├── finalhandler@1.0.3
126 silly currentTree ├── forever-agent@0.6.1
126 silly currentTree ├── form-data@2.1.4
126 silly currentTree ├── forwarded@0.1.0
126 silly currentTree ├── fresh@0.5.0
126 silly currentTree ├─┬ getpass@0.1.7
126 silly currentTree │ └── assert-plus@1.0.0
126 silly currentTree ├── har-schema@1.0.5
126 silly currentTree ├── har-validator@4.2.1
126 silly currentTree ├── hawk@3.1.3
126 silly currentTree ├── hoek@2.16.3
126 silly currentTree ├── hooks-fixed@2.0.0
126 silly currentTree ├── http-errors@1.6.1
126 silly currentTree ├── http-signature@1.1.1
126 silly currentTree ├── iconv-lite@0.4.15
126 silly currentTree ├── inherits@2.0.3
126 silly currentTree ├── inherits@2.0.3
126 silly currentTree ├── ipaddr.js@1.3.0
126 silly currentTree ├── is-typedarray@1.0.0
126 silly currentTree ├── isarray@1.0.0
126 silly currentTree ├── isarray@1.0.0
126 silly currentTree ├── isstream@0.1.2
126 silly currentTree ├── jsbn@0.1.1
126 silly currentTree ├── json-schema@0.2.3
126 silly currentTree ├── json-stable-stringify@1.0.1
126 silly currentTree ├── json-stringify-safe@5.0.1
126 silly currentTree ├── jsonify@0.0.0
126 silly currentTree ├─┬ jsprim@1.4.0
126 silly currentTree │ └── assert-plus@1.0.0
126 silly currentTree ├── jssha@2.3.1
126 silly currentTree ├── kareem@1.5.0
126 silly currentTree ├── lodash@4.17.4
126 silly currentTree ├── media-typer@0.3.0
126 silly currentTree ├── merge-descriptors@1.0.1
126 silly currentTree ├── methods@1.1.2
126 silly currentTree ├── mime-db@1.27.0
126 silly currentTree ├── mime-types@2.1.15
126 silly currentTree ├── mime@1.3.4
126 silly currentTree ├─┬ mongodb-core@2.1.14
126 silly currentTree │ ├── bson@1.0.4
126 silly currentTree │ └─┬ require_optional@1.0.1
126 silly currentTree │   ├── resolve-from@2.0.0
126 silly currentTree │   └── semver@5.4.1
126 silly currentTree ├── mongodb-core@2.1.14
126 silly currentTree ├─┬ mongodb@2.2.30
126 silly currentTree │ ├── es6-promise@3.2.1
126 silly currentTree │ ├── mongodb-core@2.1.14
126 silly currentTree │ └─┬ readable-stream@2.2.7
126 silly currentTree │   ├── buffer-shims@1.0.0
126 silly currentTree │   ├── core-util-is@1.0.2
126 silly currentTree │   ├── inherits@2.0.3
126 silly currentTree │   ├── isarray@1.0.0
126 silly currentTree │   ├── process-nextick-args@1.0.7
126 silly currentTree │   ├─┬ string_decoder@1.0.3
126 silly currentTree │   │ └── safe-buffer@5.1.1
126 silly currentTree │   └── util-deprecate@1.0.2
126 silly currentTree ├── mongodb@2.2.30
126 silly currentTree ├─┬ mongoose@4.11.4
126 silly currentTree │ ├── mongodb-core@2.1.11
126 silly currentTree │ └── mongodb@2.2.27
126 silly currentTree ├── mpath@0.3.0
126 silly currentTree ├── mpromise@0.5.5
126 silly currentTree ├─┬ mquery@2.3.1
126 silly currentTree │ ├── bluebird@2.10.2
126 silly currentTree │ ├── debug@2.6.8
126 silly currentTree │ └── sliced@0.0.5
126 silly currentTree ├── ms@2.0.0
126 silly currentTree ├── muri@1.2.2
126 silly currentTree ├── negotiator@0.6.1
126 silly currentTree ├── oauth-sign@0.8.2
126 silly currentTree ├── on-finished@2.3.0
126 silly currentTree ├── on-headers@1.0.1
126 silly currentTree ├── parseurl@1.3.1
126 silly currentTree ├── path-to-regexp@0.1.7
126 silly currentTree ├── performance-now@0.2.0
126 silly currentTree ├── process-nextick-args@1.0.7
126 silly currentTree ├── process-nextick-args@1.0.7
126 silly currentTree ├── proxy-addr@1.1.4
126 silly currentTree ├── punycode@1.4.1
126 silly currentTree ├── qs@6.4.0
126 silly currentTree ├── random-bytes@1.0.0
126 silly currentTree ├── range-parser@1.2.0
126 silly currentTree ├── raw-body@2.2.0
126 silly currentTree ├── readable-stream@2.2.7
126 silly currentTree ├── readable-stream@2.2.7
126 silly currentTree ├── regexp-clone@0.0.1
126 silly currentTree ├── request@2.81.0
126 silly currentTree ├── require_optional@1.0.1
126 silly currentTree ├── require_optional@1.0.1
126 silly currentTree ├── resolve-from@2.0.0
126 silly currentTree ├── resolve-from@2.0.0
126 silly currentTree ├── safe-buffer@5.1.1
126 silly currentTree ├── safe-buffer@5.1.1
126 silly currentTree ├── semver@5.4.1
126 silly currentTree ├── semver@5.4.1
126 silly currentTree ├── send@0.15.3
126 silly currentTree ├── serve-static@1.12.3
126 silly currentTree ├── setprototypeof@1.0.3
126 silly currentTree ├── sliced@1.0.1
126 silly currentTree ├── sntp@1.0.9
126 silly currentTree ├─┬ sshpk@1.13.1
126 silly currentTree │ └── assert-plus@1.0.0
126 silly currentTree ├── statuses@1.3.1
126 silly currentTree ├── string_decoder@1.0.3
126 silly currentTree ├── string_decoder@1.0.3
126 silly currentTree ├── stringstream@0.0.5
126 silly currentTree ├── tough-cookie@2.3.2
126 silly currentTree ├── tunnel-agent@0.6.0
126 silly currentTree ├── tweetnacl@0.14.5
126 silly currentTree ├── type-is@1.6.15
126 silly currentTree ├── uid-safe@2.1.4
126 silly currentTree ├── unpipe@1.0.0
126 silly currentTree ├── util-deprecate@1.0.2
126 silly currentTree ├── util-deprecate@1.0.2
126 silly currentTree ├── utils-merge@1.0.0
126 silly currentTree ├── uuid@3.1.0
126 silly currentTree ├── vary@1.1.1
126 silly currentTree └── verror@1.3.6
127 silly idealTree WeChatPublicAccount
127 silly idealTree ├── accepts@1.3.3
127 silly idealTree ├── ajv@4.11.8
127 silly idealTree ├── array-flatten@1.1.1
127 silly idealTree ├── asn1@0.2.3
127 silly idealTree ├── assert-plus@0.2.0
127 silly idealTree ├── async@2.1.4
127 silly idealTree ├── asynckit@0.4.0
127 silly idealTree ├── aws-sign2@0.6.0
127 silly idealTree ├── aws4@1.6.0
127 silly idealTree ├── bcrypt-pbkdf@1.0.1
127 silly idealTree ├── bluebird@3.5.0
127 silly idealTree ├── body-parser@1.17.2
127 silly idealTree ├── boom@2.10.1
127 silly idealTree ├── bson@1.0.4
127 silly idealTree ├── bson@1.0.4
127 silly idealTree ├── buffer-shims@1.0.0
127 silly idealTree ├── buffer-shims@1.0.0
127 silly idealTree ├── bytes@2.4.0
127 silly idealTree ├── caseless@0.12.0
127 silly idealTree ├── co@4.6.0
127 silly idealTree ├── combined-stream@1.0.5
127 silly idealTree ├── content-disposition@0.5.2
127 silly idealTree ├── content-type@1.0.2
127 silly idealTree ├── cookie-signature@1.0.6
127 silly idealTree ├── cookie@0.3.1
127 silly idealTree ├── core-util-is@1.0.2
127 silly idealTree ├── core-util-is@1.0.2
127 silly idealTree ├── crc@3.4.4
127 silly idealTree ├── cryptiles@2.0.5
127 silly idealTree ├─┬ dashdash@1.14.1
127 silly idealTree │ └── assert-plus@1.0.0
127 silly idealTree ├── debug@2.6.7
127 silly idealTree ├── delayed-stream@1.0.0
127 silly idealTree ├── depd@1.1.0
127 silly idealTree ├── destroy@1.0.4
127 silly idealTree ├── ecc-jsbn@0.1.1
127 silly idealTree ├── ee-first@1.1.1
127 silly idealTree ├── ejs@2.5.6
127 silly idealTree ├── encodeurl@1.0.1
127 silly idealTree ├── es6-promise@3.2.1
127 silly idealTree ├── es6-promise@3.2.1
127 silly idealTree ├── escape-html@1.0.3
127 silly idealTree ├── etag@1.8.0
127 silly idealTree ├─┬ express-session@1.15.4
127 silly idealTree │ └── debug@2.6.8
127 silly idealTree ├── express@4.15.3
127 silly idealTree ├── extend@3.0.1
127 silly idealTree ├── extsprintf@1.0.2
127 silly idealTree ├── finalhandler@1.0.3
127 silly idealTree ├── forever-agent@0.6.1
127 silly idealTree ├── form-data@2.1.4
127 silly idealTree ├── forwarded@0.1.0
127 silly idealTree ├── fresh@0.5.0
127 silly idealTree ├─┬ getpass@0.1.7
127 silly idealTree │ └── assert-plus@1.0.0
127 silly idealTree ├── har-schema@1.0.5
127 silly idealTree ├── har-validator@4.2.1
127 silly idealTree ├── hawk@3.1.3
127 silly idealTree ├── hoek@2.16.3
127 silly idealTree ├── hooks-fixed@2.0.0
127 silly idealTree ├── http-errors@1.6.1
127 silly idealTree ├── http-signature@1.1.1
127 silly idealTree ├── iconv-lite@0.4.15
127 silly idealTree ├── iconv@2.3.0
127 silly idealTree ├── inherits@2.0.3
127 silly idealTree ├── inherits@2.0.3
127 silly idealTree ├── ipaddr.js@1.3.0
127 silly idealTree ├── is-typedarray@1.0.0
127 silly idealTree ├── isarray@1.0.0
127 silly idealTree ├── isarray@1.0.0
127 silly idealTree ├── isstream@0.1.2
127 silly idealTree ├── jsbn@0.1.1
127 silly idealTree ├── json-schema@0.2.3
127 silly idealTree ├── json-stable-stringify@1.0.1
127 silly idealTree ├── json-stringify-safe@5.0.1
127 silly idealTree ├── jsonify@0.0.0
127 silly idealTree ├─┬ jsprim@1.4.0
127 silly idealTree │ └── assert-plus@1.0.0
127 silly idealTree ├── jssha@2.3.1
127 silly idealTree ├── kareem@1.5.0
127 silly idealTree ├── lodash@4.17.4
127 silly idealTree ├── media-typer@0.3.0
127 silly idealTree ├── merge-descriptors@1.0.1
127 silly idealTree ├── methods@1.1.2
127 silly idealTree ├── mime-db@1.27.0
127 silly idealTree ├── mime-types@2.1.15
127 silly idealTree ├── mime@1.3.4
127 silly idealTree ├─┬ mongodb-core@2.1.14
127 silly idealTree │ ├── bson@1.0.4
127 silly idealTree │ └─┬ require_optional@1.0.1
127 silly idealTree │   ├── resolve-from@2.0.0
127 silly idealTree │   └── semver@5.4.1
127 silly idealTree ├── mongodb-core@2.1.14
127 silly idealTree ├─┬ mongodb@2.2.30
127 silly idealTree │ ├── es6-promise@3.2.1
127 silly idealTree │ ├── mongodb-core@2.1.14
127 silly idealTree │ └─┬ readable-stream@2.2.7
127 silly idealTree │   ├── buffer-shims@1.0.0
127 silly idealTree │   ├── core-util-is@1.0.2
127 silly idealTree │   ├── inherits@2.0.3
127 silly idealTree │   ├── isarray@1.0.0
127 silly idealTree │   ├── process-nextick-args@1.0.7
127 silly idealTree │   ├─┬ string_decoder@1.0.3
127 silly idealTree │   │ └── safe-buffer@5.1.1
127 silly idealTree │   └── util-deprecate@1.0.2
127 silly idealTree ├── mongodb@2.2.30
127 silly idealTree ├─┬ mongoose@4.11.4
127 silly idealTree │ ├── mongodb-core@2.1.11
127 silly idealTree │ └── mongodb@2.2.27
127 silly idealTree ├── mpath@0.3.0
127 silly idealTree ├── mpromise@0.5.5
127 silly idealTree ├─┬ mquery@2.3.1
127 silly idealTree │ ├── bluebird@2.10.2
127 silly idealTree │ ├── debug@2.6.8
127 silly idealTree │ └── sliced@0.0.5
127 silly idealTree ├── ms@2.0.0
127 silly idealTree ├── muri@1.2.2
127 silly idealTree ├── nan@2.6.2
127 silly idealTree ├── negotiator@0.6.1
127 silly idealTree ├── oauth-sign@0.8.2
127 silly idealTree ├── on-finished@2.3.0
127 silly idealTree ├── on-headers@1.0.1
127 silly idealTree ├── parseurl@1.3.1
127 silly idealTree ├── path-to-regexp@0.1.7
127 silly idealTree ├── performance-now@0.2.0
127 silly idealTree ├── process-nextick-args@1.0.7
127 silly idealTree ├── process-nextick-args@1.0.7
127 silly idealTree ├── proxy-addr@1.1.4
127 silly idealTree ├── punycode@1.4.1
127 silly idealTree ├── qs@6.4.0
127 silly idealTree ├── random-bytes@1.0.0
127 silly idealTree ├── range-parser@1.2.0
127 silly idealTree ├── raw-body@2.2.0
127 silly idealTree ├── readable-stream@2.2.7
127 silly idealTree ├── readable-stream@2.2.7
127 silly idealTree ├── regexp-clone@0.0.1
127 silly idealTree ├── request@2.81.0
127 silly idealTree ├── require_optional@1.0.1
127 silly idealTree ├── require_optional@1.0.1
127 silly idealTree ├── resolve-from@2.0.0
127 silly idealTree ├── resolve-from@2.0.0
127 silly idealTree ├── safe-buffer@5.1.1
127 silly idealTree ├── safe-buffer@5.1.1
127 silly idealTree ├── semver@5.4.1
127 silly idealTree ├── semver@5.4.1
127 silly idealTree ├── send@0.15.3
127 silly idealTree ├── serve-static@1.12.3
127 silly idealTree ├── setprototypeof@1.0.3
127 silly idealTree ├── sliced@1.0.1
127 silly idealTree ├── sntp@1.0.9
127 silly idealTree ├─┬ sshpk@1.13.1
127 silly idealTree │ └── assert-plus@1.0.0
127 silly idealTree ├── statuses@1.3.1
127 silly idealTree ├── string_decoder@1.0.3
127 silly idealTree ├── string_decoder@1.0.3
127 silly idealTree ├── stringstream@0.0.5
127 silly idealTree ├── tough-cookie@2.3.2
127 silly idealTree ├── tunnel-agent@0.6.0
127 silly idealTree ├── tweetnacl@0.14.5
127 silly idealTree ├── type-is@1.6.15
127 silly idealTree ├── uid-safe@2.1.4
127 silly idealTree ├── unpipe@1.0.0
127 silly idealTree ├── util-deprecate@1.0.2
127 silly idealTree ├── util-deprecate@1.0.2
127 silly idealTree ├── utils-merge@1.0.0
127 silly idealTree ├── uuid@3.1.0
127 silly idealTree ├── vary@1.1.1
127 silly idealTree └── verror@1.3.6
128 silly generateActionsToTake Starting
129 silly install generateActionsToTake
130 silly generateActionsToTake Finishing
131 silly diffTrees action count 2
132 silly diffTrees add nan@2.6.2
133 silly diffTrees add iconv@2.3.0
134 silly decomposeActions action count 16
135 silly decomposeActions fetch nan@2.6.2
136 silly decomposeActions extract nan@2.6.2
137 silly decomposeActions test nan@2.6.2
138 silly decomposeActions preinstall nan@2.6.2
139 silly decomposeActions build nan@2.6.2
140 silly decomposeActions install nan@2.6.2
141 silly decomposeActions postinstall nan@2.6.2
142 silly decomposeActions finalize nan@2.6.2
143 silly decomposeActions fetch iconv@2.3.0
144 silly decomposeActions extract iconv@2.3.0
145 silly decomposeActions test iconv@2.3.0
146 silly decomposeActions preinstall iconv@2.3.0
147 silly decomposeActions build iconv@2.3.0
148 silly decomposeActions install iconv@2.3.0
149 silly decomposeActions postinstall iconv@2.3.0
150 silly decomposeActions finalize iconv@2.3.0
151 silly runTopLevelLifecycles Starting
152 silly executeActions Starting
153 silly install executeActions
154 silly doSerial global-install 0
155 silly doParallel fetch 2
156 verbose correctMkdir /home/ec2-user/.npm/_locks correctMkdir not in flight; initializing
157 verbose lock using /home/ec2-user/.npm/_locks/staging-66840dd120c5796c.lock for /home/ec2-user/app/WeChatPublicAccount/node_modules/.staging
158 silly doParallel extract 2
159 silly extract nan@2.6.2
160 silly extract iconv@2.3.0
161 verbose unbuild node_modules/.staging/nan-0863bd9c
162 verbose unbuild node_modules/.staging/iconv-02068bed
163 silly gentlyRm /home/ec2-user/app/WeChatPublicAccount/node_modules/.staging/nan-0863bd9c is being purged from base /home/ec2-user/app/WeChatPublicAccount
164 verbose gentlyRm don't care about contents; nuking /home/ec2-user/app/WeChatPublicAccount/node_modules/.staging/nan-0863bd9c
165 silly gentlyRm /home/ec2-user/app/WeChatPublicAccount/node_modules/.staging/iconv-02068bed is being purged from base /home/ec2-user/app/WeChatPublicAccount
166 verbose gentlyRm don't care about contents; nuking /home/ec2-user/app/WeChatPublicAccount/node_modules/.staging/iconv-02068bed
167 verbose tar unpack /home/ec2-user/.npm/nan/2.6.2/package.tgz
168 verbose tar unpacking to /home/ec2-user/app/WeChatPublicAccount/node_modules/.staging/nan-0863bd9c
169 silly gentlyRm /home/ec2-user/app/WeChatPublicAccount/node_modules/.staging/nan-0863bd9c is being purged
170 verbose gentlyRm don't care about contents; nuking /home/ec2-user/app/WeChatPublicAccount/node_modules/.staging/nan-0863bd9c
171 verbose tar unpack /home/ec2-user/.npm/iconv/2.3.0/package.tgz
172 verbose tar unpacking to /home/ec2-user/app/WeChatPublicAccount/node_modules/.staging/iconv-02068bed
173 silly gentlyRm /home/ec2-user/app/WeChatPublicAccount/node_modules/.staging/iconv-02068bed is being purged
174 verbose gentlyRm don't care about contents; nuking /home/ec2-user/app/WeChatPublicAccount/node_modules/.staging/iconv-02068bed
175 silly gunzTarPerm modes [ '775', '664' ]
176 silly gunzTarPerm modes [ '775', '664' ]
177 silly gunzTarPerm extractEntry package.json
178 silly gunzTarPerm extractEntry package.json
179 silly gunzTarPerm modified mode [ 'package.json', 420, 436 ]
180 silly gunzTarPerm extractEntry README.md
181 silly gunzTarPerm extractEntry include_dirs.js
182 silly gunzTarPerm extractEntry .npmignore
183 silly gunzTarPerm modified mode [ '.npmignore', 420, 436 ]
184 silly gunzTarPerm extractEntry README.md
185 silly gunzTarPerm modified mode [ 'README.md', 420, 436 ]
186 silly gunzTarPerm extractEntry nan_converters_43_inl.h
187 silly gunzTarPerm extractEntry LICENSE.md
188 silly gunzTarPerm extractEntry doc/new.md
189 silly gunzTarPerm extractEntry LICENSE
190 silly gunzTarPerm modified mode [ 'LICENSE', 420, 436 ]
191 silly gunzTarPerm extractEntry binding.gyp
192 silly gunzTarPerm modified mode [ 'binding.gyp', 420, 436 ]
193 silly gunzTarPerm extractEntry doc/asyncworker.md
194 silly gunzTarPerm extractEntry deps/libiconv/lib/euc_jp.h
195 silly gunzTarPerm modified mode [ 'deps/libiconv/lib/euc_jp.h', 420, 436 ]
196 silly gunzTarPerm extractEntry deps/libiconv/lib/aliases.h
197 silly gunzTarPerm modified mode [ 'deps/libiconv/lib/aliases.h', 420, 436 ]
198 silly gunzTarPerm extractEntry doc/callback.md
199 silly gunzTarPerm extractEntry doc/converters.md
200 silly gunzTarPerm extractEntry deps/libiconv/lib/aliases_aix.h
201 silly gunzTarPerm modified mode [ 'deps/libiconv/lib/aliases_aix.h', 420, 436 ]
202 silly gunzTarPerm extractEntry deps/libiconv/lib/aliases_aix_sysaix.h
203 silly gunzTarPerm modified mode [ 'deps/libiconv/lib/aliases_aix_sysaix.h', 420, 436 ]
204 silly gunzTarPerm extractEntry doc/errors.md
205 silly gunzTarPerm extractEntry doc/json.md
206 silly gunzTarPerm extractEntry deps/libiconv/lib/aliases_dos.h
207 silly gunzTarPerm modified mode [ 'deps/libiconv/lib/aliases_dos.h', 420, 436 ]
208 silly gunzTarPerm extractEntry deps/libiconv/lib/aliases_extra.h
209 silly gunzTarPerm modified mode [ 'deps/libiconv/lib/aliases_extra.h', 420, 436 ]
210 silly gunzTarPerm extractEntry doc/maybe_types.md
211 silly gunzTarPerm extractEntry doc/methods.md
212 silly gunzTarPerm extractEntry doc/buffers.md
213 silly gunzTarPerm extractEntry doc/node_misc.md
214 silly gunzTarPerm extractEntry deps/libiconv/lib/aliases_osf1.h
215 silly gunzTarPerm modified mode [ 'deps/libiconv/lib/aliases_osf1.h', 420, 436 ]
216 silly gunzTarPerm extractEntry deps/libiconv/lib/aliases_osf1_sysosf1.h
217 silly gunzTarPerm modified mode [ 'deps/libiconv/lib/aliases_osf1_sysosf1.h', 420, 436 ]
218 silly gunzTarPerm extractEntry doc/object_wrappers.md
219 silly gunzTarPerm extractEntry doc/persistent.md
220 silly gunzTarPerm extractEntry deps/libiconv/lib/aliases_sysaix.h
221 silly gunzTarPerm modified mode [ 'deps/libiconv/lib/aliases_sysaix.h', 420, 436 ]
222 silly gunzTarPerm extractEntry deps/libiconv/lib/aliases_syshpux.h
223 silly gunzTarPerm modified mode [ 'deps/libiconv/lib/aliases_syshpux.h', 420, 436 ]
224 silly gunzTarPerm extractEntry deps/libiconv/lib/aliases_sysosf1.h
225 silly gunzTarPerm modified mode [ 'deps/libiconv/lib/aliases_sysosf1.h', 420, 436 ]
226 silly gunzTarPerm extractEntry deps/libiconv/lib/aliases_syssolaris.h
227 silly gunzTarPerm modified mode [ 'deps/libiconv/lib/aliases_syssolaris.h', 420, 436 ]
228 silly gunzTarPerm extractEntry doc/scopes.md
229 silly gunzTarPerm extractEntry doc/script.md
230 silly gunzTarPerm extractEntry deps/libiconv/lib/armscii_8.h
231 silly gunzTarPerm modified mode [ 'deps/libiconv/lib/armscii_8.h', 420, 436 ]
232 silly gunzTarPerm extractEntry deps/libiconv/lib/ascii.h
233 silly gunzTarPerm modified mode [ 'deps/libiconv/lib/ascii.h', 420, 436 ]
234 silly gunzTarPerm extractEntry deps/libiconv/lib/atarist.h
235 silly gunzTarPerm modified mode [ 'deps/libiconv/lib/atarist.h', 420, 436 ]
236 silly gunzTarPerm extractEntry doc/string_bytes.md
237 silly gunzTarPerm extractEntry doc/v8_internals.md
238 silly gunzTarPerm extractEntry deps/libiconv/lib/big5.h
239 silly gunzTarPerm modified mode [ 'deps/libiconv/lib/big5.h', 420, 436 ]
240 silly gunzTarPerm extractEntry doc/v8_misc.md
241 silly gunzTarPerm extractEntry nan.h
242 silly gunzTarPerm extractEntry nan_callbacks.h
243 silly gunzTarPerm extractEntry deps/libiconv/lib/big5_2003.h
244 silly gunzTarPerm modified mode [ 'deps/libiconv/lib/big5_2003.h', 420, 436 ]
245 silly gunzTarPerm extractEntry deps/libiconv/lib/big5hkscs1999.h
246 silly gunzTarPerm modified mode [ 'deps/libiconv/lib/big5hkscs1999.h', 420, 436 ]
247 silly gunzTarPerm extractEntry deps/libiconv/lib/big5hkscs2001.h
248 silly gunzTarPerm modified mode [ 'deps/libiconv/lib/big5hkscs2001.h', 420, 436 ]
249 silly gunzTarPerm extractEntry nan_callbacks_12_inl.h
250 silly gunzTarPerm extractEntry nan_callbacks_pre_12_inl.h
251 silly gunzTarPerm extractEntry nan_converters.h
252 silly gunzTarPerm extractEntry nan_converters_pre_43_inl.h
253 silly gunzTarPerm extractEntry deps/libiconv/lib/big5hkscs2004.h
254 silly gunzTarPerm modified mode [ 'deps/libiconv/lib/big5hkscs2004.h', 420, 436 ]
255 silly gunzTarPerm extractEntry deps/libiconv/lib/big5hkscs2008.h
256 silly gunzTarPerm modified mode [ 'deps/libiconv/lib/big5hkscs2008.h', 420, 436 ]
257 silly gunzTarPerm extractEntry nan_implementation_12_inl.h
258 silly gunzTarPerm extractEntry nan_implementation_pre_12_inl.h
259 silly gunzTarPerm extractEntry nan_json.h
260 silly gunzTarPerm extractEntry nan_maybe_43_inl.h
261 silly gunzTarPerm extractEntry deps/libiconv/lib/c99.h
262 silly gunzTarPerm modified mode [ 'deps/libiconv/lib/c99.h', 420, 436 ]
263 silly gunzTarPerm extractEntry deps/libiconv/lib/canonical.h
264 silly gunzTarPerm modified mode [ 'deps/libiconv/lib/canonical.h', 420, 436 ]
265 silly gunzTarPerm extractEntry nan_maybe_pre_43_inl.h
266 silly gunzTarPerm extractEntry nan_new.h
267 silly gunzTarPerm extractEntry deps/libiconv/lib/canonical_aix.h
268 silly gunzTarPerm modified mode [ 'deps/libiconv/lib/canonical_aix.h', 420, 436 ]
269 silly gunzTarPerm extractEntry deps/libiconv/lib/canonical_aix_sysaix.h
270 silly gunzTarPerm modified mode [ 'deps/libiconv/lib/canonical_aix_sysaix.h', 420, 436 ]
271 silly gunzTarPerm extractEntry deps/libiconv/lib/canonical_dos.h
272 silly gunzTarPerm modified mode [ 'deps/libiconv/lib/canonical_dos.h', 420, 436 ]
273 silly gunzTarPerm extractEntry deps/libiconv/lib/canonical_extra.h
274 silly gunzTarPerm modified mode [ 'deps/libiconv/lib/canonical_extra.h', 420, 436 ]
275 silly gunzTarPerm extractEntry nan_object_wrap.h
276 silly gunzTarPerm extractEntry nan_persistent_12_inl.h
277 silly gunzTarPerm extractEntry deps/libiconv/lib/canonical_local.h
278 silly gunzTarPerm modified mode [ 'deps/libiconv/lib/canonical_local.h', 420, 436 ]
279 silly gunzTarPerm extractEntry deps/libiconv/lib/canonical_local_sysaix.h
280 silly gunzTarPerm modified mode [ 'deps/libiconv/lib/canonical_local_sysaix.h', 420, 436 ]
281 silly gunzTarPerm extractEntry deps/libiconv/lib/canonical_local_syshpux.h
282 silly gunzTarPerm modified mode [ 'deps/libiconv/lib/canonical_local_syshpux.h', 420, 436 ]
283 silly gunzTarPerm extractEntry deps/libiconv/lib/canonical_local_sysosf1.h
284 silly gunzTarPerm modified mode [ 'deps/libiconv/lib/canonical_local_sysosf1.h', 420, 436 ]
285 silly gunzTarPerm extractEntry nan_persistent_pre_12_inl.h
286 silly gunzTarPerm extractEntry nan_private.h
287 silly gunzTarPerm extractEntry deps/libiconv/lib/canonical_local_syssolaris.h
288 silly gunzTarPerm modified mode [ 'deps/libiconv/lib/canonical_local_syssolaris.h', 420, 436 ]
289 silly gunzTarPerm extractEntry deps/libiconv/lib/canonical_osf1.h
290 silly gunzTarPerm modified mode [ 'deps/libiconv/lib/canonical_osf1.h', 420, 436 ]
291 silly gunzTarPerm extractEntry deps/libiconv/lib/canonical_osf1_sysosf1.h
292 silly gunzTarPerm modified mode [ 'deps/libiconv/lib/canonical_osf1_sysosf1.h', 420, 436 ]
293 silly gunzTarPerm extractEntry nan_string_bytes.h
294 silly gunzTarPerm extractEntry nan_typedarray_contents.h
295 silly gunzTarPerm extractEntry deps/libiconv/lib/canonical_sysaix.h
296 silly gunzTarPerm modified mode [ 'deps/libiconv/lib/canonical_sysaix.h', 420, 436 ]
297 silly gunzTarPerm extractEntry deps/libiconv/lib/canonical_syshpux.h
298 silly gunzTarPerm modified mode [ 'deps/libiconv/lib/canonical_syshpux.h', 420, 436 ]
299 silly gunzTarPerm extractEntry deps/libiconv/lib/canonical_sysosf1.h
300 silly gunzTarPerm modified mode [ 'deps/libiconv/lib/canonical_sysosf1.h', 420, 436 ]
301 silly gunzTarPerm extractEntry deps/libiconv/lib/canonical_syssolaris.h
302 silly gunzTarPerm modified mode [ 'deps/libiconv/lib/canonical_syssolaris.h', 420, 436 ]
303 silly gunzTarPerm extractEntry nan_weak.h
304 silly gunzTarPerm extractEntry CHANGELOG.md
305 silly gunzTarPerm extractEntry deps/libiconv/lib/ces_big5.h
306 silly gunzTarPerm modified mode [ 'deps/libiconv/lib/ces_big5.h', 420, 436 ]
307 silly gunzTarPerm extractEntry deps/libiconv/lib/ces_gbk.h
308 silly gunzTarPerm modified mode [ 'deps/libiconv/lib/ces_gbk.h', 420, 436 ]
309 silly gunzTarPerm extractEntry deps/libiconv/lib/cjk_variants.h
310 silly gunzTarPerm modified mode [ 'deps/libiconv/lib/cjk_variants.h', 420, 436 ]
311 silly gunzTarPerm extractEntry tools/package.json
312 silly gunzTarPerm extractEntry tools/README.md
313 silly gunzTarPerm extractEntry deps/libiconv/lib/cns11643.h
314 silly gunzTarPerm modified mode [ 'deps/libiconv/lib/cns11643.h', 420, 436 ]
315 silly gunzTarPerm extractEntry deps/libiconv/lib/cns11643_1.h
316 silly gunzTarPerm modified mode [ 'deps/libiconv/lib/cns11643_1.h', 420, 436 ]
317 silly gunzTarPerm extractEntry deps/libiconv/lib/cns11643_15.h
318 silly gunzTarPerm modified mode [ 'deps/libiconv/lib/cns11643_15.h', 420, 436 ]
319 silly gunzTarPerm extractEntry tools/1to2.js
320 silly gunzTarPerm extractEntry deps/libiconv/lib/cns11643_2.h
321 silly gunzTarPerm modified mode [ 'deps/libiconv/lib/cns11643_2.h', 420, 436 ]
322 silly gunzTarPerm extractEntry deps/libiconv/lib/cns11643_3.h
323 silly gunzTarPerm modified mode [ 'deps/libiconv/lib/cns11643_3.h', 420, 436 ]
324 silly gunzTarPerm extractEntry deps/libiconv/lib/cns11643_4.h
325 silly gunzTarPerm modified mode [ 'deps/libiconv/lib/cns11643_4.h', 420, 436 ]
326 silly gunzTarPerm extractEntry deps/libiconv/lib/cns11643_4a.h
327 silly gunzTarPerm modified mode [ 'deps/libiconv/lib/cns11643_4a.h', 420, 436 ]
328 silly gunzTarPerm extractEntry deps/libiconv/lib/cns11643_4b.h
329 silly gunzTarPerm modified mode [ 'deps/libiconv/lib/cns11643_4b.h', 420, 436 ]
330 silly gunzTarPerm extractEntry deps/libiconv/lib/cns11643_5.h
331 silly gunzTarPerm modified mode [ 'deps/libiconv/lib/cns11643_5.h', 420, 436 ]
332 silly gunzTarPerm extractEntry deps/libiconv/lib/cns11643_6.h
333 silly gunzTarPerm modified mode [ 'deps/libiconv/lib/cns11643_6.h', 420, 436 ]
334 silly gunzTarPerm extractEntry deps/libiconv/lib/cns11643_7.h
335 silly gunzTarPerm modified mode [ 'deps/libiconv/lib/cns11643_7.h', 420, 436 ]
336 silly gunzTarPerm extractEntry deps/libiconv/lib/cns11643_inv.h
337 silly gunzTarPerm modified mode [ 'deps/libiconv/lib/cns11643_inv.h', 420, 436 ]
338 silly gunzTarPerm extractEntry deps/libiconv/lib/converters.h
339 silly gunzTarPerm modified mode [ 'deps/libiconv/lib/converters.h', 420, 436 ]
340 silly gunzTarPerm extractEntry deps/libiconv/lib/cp1046.h
341 silly gunzTarPerm modified mode [ 'deps/libiconv/lib/cp1046.h', 420, 436 ]
342 silly gunzTarPerm extractEntry deps/libiconv/lib/cp1124.h
343 silly gunzTarPerm modified mode [ 'deps/libiconv/lib/cp1124.h', 420, 436 ]
344 silly gunzTarPerm extractEntry deps/libiconv/lib/cp1125.h
345 silly gunzTarPerm modified mode [ 'deps/libiconv/lib/cp1125.h', 420, 436 ]
346 silly gunzTarPerm extractEntry deps/libiconv/lib/cp1129.h
347 silly gunzTarPerm modified mode [ 'deps/libiconv/lib/cp1129.h', 420, 436 ]
348 silly gunzTarPerm extractEntry deps/libiconv/lib/cp1131.h
349 silly gunzTarPerm modified mode [ 'deps/libiconv/lib/cp1131.h', 420, 436 ]
350 silly gunzTarPerm extractEntry deps/libiconv/lib/cp1133.h
351 silly gunzTarPerm modified mode [ 'deps/libiconv/lib/cp1133.h', 420, 436 ]
352 silly gunzTarPerm extractEntry deps/libiconv/lib/cp1161.h
353 silly gunzTarPerm modified mode [ 'deps/libiconv/lib/cp1161.h', 420, 436 ]
354 silly gunzTarPerm extractEntry deps/libiconv/lib/cp1162.h
355 silly gunzTarPerm modified mode [ 'deps/libiconv/lib/cp1162.h', 420, 436 ]
356 silly gunzTarPerm extractEntry deps/libiconv/lib/cp1163.h
357 silly gunzTarPerm modified mode [ 'deps/libiconv/lib/cp1163.h', 420, 436 ]
358 silly gunzTarPerm extractEntry deps/libiconv/lib/cp1250.h
359 silly gunzTarPerm modified mode [ 'deps/libiconv/lib/cp1250.h', 420, 436 ]
360 silly gunzTarPerm extractEntry deps/libiconv/lib/cp1251.h
361 silly gunzTarPerm modified mode [ 'deps/libiconv/lib/cp1251.h', 420, 436 ]
362 silly gunzTarPerm extractEntry deps/libiconv/lib/cp1252.h
363 silly gunzTarPerm modified mode [ 'deps/libiconv/lib/cp1252.h', 420, 436 ]
364 silly gunzTarPerm extractEntry deps/libiconv/lib/cp1253.h
365 silly gunzTarPerm modified mode [ 'deps/libiconv/lib/cp1253.h', 420, 436 ]
366 silly gunzTarPerm extractEntry deps/libiconv/lib/cp1254.h
367 silly gunzTarPerm modified mode [ 'deps/libiconv/lib/cp1254.h', 420, 436 ]
368 silly gunzTarPerm extractEntry deps/libiconv/lib/cp1255.h
369 silly gunzTarPerm modified mode [ 'deps/libiconv/lib/cp1255.h', 420, 436 ]
370 silly gunzTarPerm extractEntry deps/libiconv/lib/cp1256.h
371 silly gunzTarPerm modified mode [ 'deps/libiconv/lib/cp1256.h', 420, 436 ]
372 silly gunzTarPerm extractEntry deps/libiconv/lib/cp1257.h
373 silly gunzTarPerm modified mode [ 'deps/libiconv/lib/cp1257.h', 420, 436 ]
374 silly gunzTarPerm extractEntry deps/libiconv/lib/cp1258.h
375 silly gunzTarPerm modified mode [ 'deps/libiconv/lib/cp1258.h', 420, 436 ]
376 silly gunzTarPerm extractEntry deps/libiconv/lib/cp437.h
377 silly gunzTarPerm modified mode [ 'deps/libiconv/lib/cp437.h', 420, 436 ]
378 silly gunzTarPerm extractEntry deps/libiconv/lib/cp50221_0208_ext.h
379 silly gunzTarPerm modified mode [ 'deps/libiconv/lib/cp50221_0208_ext.h', 420, 436 ]
380 silly gunzTarPerm extractEntry deps/libiconv/lib/cp50221_0212_ext.h
381 silly gunzTarPerm modified mode [ 'deps/libiconv/lib/cp50221_0212_ext.h', 420, 436 ]
382 silly gunzTarPerm extractEntry deps/libiconv/lib/cp737.h
383 silly gunzTarPerm modified mode [ 'deps/libiconv/lib/cp737.h', 420, 436 ]
384 silly gunzTarPerm extractEntry deps/libiconv/lib/cp775.h
385 silly gunzTarPerm modified mode [ 'deps/libiconv/lib/cp775.h', 420, 436 ]
386 silly gunzTarPerm extractEntry deps/libiconv/lib/cp850.h
387 silly gunzTarPerm modified mode [ 'deps/libiconv/lib/cp850.h', 420, 436 ]
388 silly gunzTarPerm extractEntry deps/libiconv/lib/cp852.h
389 silly gunzTarPerm modified mode [ 'deps/libiconv/lib/cp852.h', 420, 436 ]
390 silly gunzTarPerm extractEntry deps/libiconv/lib/cp853.h
391 silly gunzTarPerm modified mode [ 'deps/libiconv/lib/cp853.h', 420, 436 ]
392 silly gunzTarPerm extractEntry deps/libiconv/lib/cp855.h
393 silly gunzTarPerm modified mode [ 'deps/libiconv/lib/cp855.h', 420, 436 ]
394 silly gunzTarPerm extractEntry deps/libiconv/lib/cp856.h
395 silly gunzTarPerm modified mode [ 'deps/libiconv/lib/cp856.h', 420, 436 ]
396 silly gunzTarPerm extractEntry deps/libiconv/lib/cp857.h
397 silly gunzTarPerm modified mode [ 'deps/libiconv/lib/cp857.h', 420, 436 ]
398 silly gunzTarPerm extractEntry deps/libiconv/lib/cp858.h
399 silly gunzTarPerm modified mode [ 'deps/libiconv/lib/cp858.h', 420, 436 ]
400 silly gunzTarPerm extractEntry deps/libiconv/lib/cp860.h
401 silly gunzTarPerm modified mode [ 'deps/libiconv/lib/cp860.h', 420, 436 ]
402 silly gunzTarPerm extractEntry deps/libiconv/lib/cp861.h
403 silly gunzTarPerm modified mode [ 'deps/libiconv/lib/cp861.h', 420, 436 ]
404 silly gunzTarPerm extractEntry deps/libiconv/lib/cp862.h
405 silly gunzTarPerm modified mode [ 'deps/libiconv/lib/cp862.h', 420, 436 ]
406 silly gunzTarPerm extractEntry deps/libiconv/lib/cp863.h
407 silly gunzTarPerm modified mode [ 'deps/libiconv/lib/cp863.h', 420, 436 ]
408 silly gunzTarPerm extractEntry deps/libiconv/lib/cp864.h
409 silly gunzTarPerm modified mode [ 'deps/libiconv/lib/cp864.h', 420, 436 ]
410 silly gunzTarPerm extractEntry deps/libiconv/lib/cp865.h
411 silly gunzTarPerm modified mode [ 'deps/libiconv/lib/cp865.h', 420, 436 ]
412 silly gunzTarPerm extractEntry deps/libiconv/lib/cp866.h
413 silly gunzTarPerm modified mode [ 'deps/libiconv/lib/cp866.h', 420, 436 ]
414 silly gunzTarPerm extractEntry deps/libiconv/lib/cp869.h
415 silly gunzTarPerm modified mode [ 'deps/libiconv/lib/cp869.h', 420, 436 ]
416 silly gunzTarPerm extractEntry deps/libiconv/lib/cp874.h
417 silly gunzTarPerm modified mode [ 'deps/libiconv/lib/cp874.h', 420, 436 ]
418 silly gunzTarPerm extractEntry deps/libiconv/lib/cp922.h
419 silly gunzTarPerm modified mode [ 'deps/libiconv/lib/cp922.h', 420, 436 ]
420 silly gunzTarPerm extractEntry deps/libiconv/lib/cp932.h
421 silly gunzTarPerm modified mode [ 'deps/libiconv/lib/cp932.h', 420, 436 ]
422 silly gentlyRm /home/ec2-user/app/WeChatPublicAccount/node_modules/.staging/nan-0863bd9c/node_modules is being purged
423 verbose gentlyRm don't care about contents; nuking /home/ec2-user/app/WeChatPublicAccount/node_modules/.staging/nan-0863bd9c/node_modules
424 silly gunzTarPerm extractEntry deps/libiconv/lib/cp932ext.h
425 silly gunzTarPerm modified mode [ 'deps/libiconv/lib/cp932ext.h', 420, 436 ]
426 silly gunzTarPerm extractEntry deps/libiconv/lib/cp936.h
427 silly gunzTarPerm modified mode [ 'deps/libiconv/lib/cp936.h', 420, 436 ]
428 silly gunzTarPerm extractEntry deps/libiconv/lib/cp936ext.h
429 silly gunzTarPerm modified mode [ 'deps/libiconv/lib/cp936ext.h', 420, 436 ]
430 silly gunzTarPerm extractEntry deps/libiconv/lib/cp943.h
431 silly gunzTarPerm modified mode [ 'deps/libiconv/lib/cp943.h', 420, 436 ]
432 silly gunzTarPerm extractEntry deps/libiconv/lib/cp949.h
433 silly gunzTarPerm modified mode [ 'deps/libiconv/lib/cp949.h', 420, 436 ]
434 silly gunzTarPerm extractEntry deps/libiconv/lib/cp950.h
435 silly gunzTarPerm modified mode [ 'deps/libiconv/lib/cp950.h', 420, 436 ]
436 silly gunzTarPerm extractEntry deps/libiconv/lib/cp950ext.h
437 silly gunzTarPerm modified mode [ 'deps/libiconv/lib/cp950ext.h', 420, 436 ]
438 silly gunzTarPerm extractEntry deps/libiconv/lib/dec_hanyu.h
439 silly gunzTarPerm modified mode [ 'deps/libiconv/lib/dec_hanyu.h', 420, 436 ]
440 silly gunzTarPerm extractEntry deps/libiconv/lib/dec_kanji.h
441 silly gunzTarPerm modified mode [ 'deps/libiconv/lib/dec_kanji.h', 420, 436 ]
442 silly gunzTarPerm extractEntry deps/libiconv/lib/encodings.def
443 silly gunzTarPerm modified mode [ 'deps/libiconv/lib/encodings.def', 420, 436 ]
444 silly gunzTarPerm extractEntry deps/libiconv/lib/encodings_aix.def
445 silly gunzTarPerm modified mode [ 'deps/libiconv/lib/encodings_aix.def', 420, 436 ]
446 silly gunzTarPerm extractEntry deps/libiconv/lib/encodings_dos.def
447 silly gunzTarPerm modified mode [ 'deps/libiconv/lib/encodings_dos.def', 420, 436 ]
448 silly gunzTarPerm extractEntry deps/libiconv/lib/encodings_extra.def
449 silly gunzTarPerm modified mode [ 'deps/libiconv/lib/encodings_extra.def', 420, 436 ]
450 silly gunzTarPerm extractEntry deps/libiconv/lib/encodings_local.def
451 silly gunzTarPerm modified mode [ 'deps/libiconv/lib/encodings_local.def', 420, 436 ]
452 silly gunzTarPerm extractEntry deps/libiconv/lib/encodings_osf1.def
453 silly gunzTarPerm modified mode [ 'deps/libiconv/lib/encodings_osf1.def', 420, 436 ]
454 silly gunzTarPerm extractEntry deps/libiconv/lib/euc_cn.h
455 silly gunzTarPerm modified mode [ 'deps/libiconv/lib/euc_cn.h', 420, 436 ]
456 silly gunzTarPerm extractEntry deps/libiconv/lib/euc_jisx0213.h
457 silly gunzTarPerm modified mode [ 'deps/libiconv/lib/euc_jisx0213.h', 420, 436 ]
458 silly gunzTarPerm extractEntry deps/libiconv/lib/aliases2.h
459 silly gunzTarPerm modified mode [ 'deps/libiconv/lib/aliases2.h', 420, 436 ]
460 silly gunzTarPerm extractEntry deps/libiconv/lib/euc_kr.h
461 silly gunzTarPerm modified mode [ 'deps/libiconv/lib/euc_kr.h', 420, 436 ]
462 silly gunzTarPerm extractEntry deps/libiconv/lib/euc_tw.h
463 silly gunzTarPerm modified mode [ 'deps/libiconv/lib/euc_tw.h', 420, 436 ]
464 silly gunzTarPerm extractEntry deps/libiconv/lib/flags.h
465 silly gunzTarPerm modified mode [ 'deps/libiconv/lib/flags.h', 420, 436 ]
466 silly gunzTarPerm extractEntry deps/libiconv/lib/flushwc.h
467 silly gunzTarPerm modified mode [ 'deps/libiconv/lib/flushwc.h', 420, 436 ]
468 silly gunzTarPerm extractEntry deps/libiconv/lib/gb12345.h
469 silly gunzTarPerm modified mode [ 'deps/libiconv/lib/gb12345.h', 420, 436 ]
470 silly gunzTarPerm extractEntry deps/libiconv/lib/gb12345ext.h
471 silly gunzTarPerm modified mode [ 'deps/libiconv/lib/gb12345ext.h', 420, 436 ]
472 silly gunzTarPerm extractEntry deps/libiconv/lib/gb18030.h
473 silly gunzTarPerm modified mode [ 'deps/libiconv/lib/gb18030.h', 420, 436 ]
474 silly gunzTarPerm extractEntry deps/libiconv/lib/gb18030ext.h
475 silly gunzTarPerm modified mode [ 'deps/libiconv/lib/gb18030ext.h', 420, 436 ]
476 silly gunzTarPerm extractEntry deps/libiconv/lib/gb18030uni.h
477 silly gunzTarPerm modified mode [ 'deps/libiconv/lib/gb18030uni.h', 420, 436 ]
478 silly gunzTarPerm extractEntry deps/libiconv/lib/gb2312.h
479 silly gunzTarPerm modified mode [ 'deps/libiconv/lib/gb2312.h', 420, 436 ]
480 silly gunzTarPerm extractEntry deps/libiconv/lib/gbk.h
481 silly gunzTarPerm modified mode [ 'deps/libiconv/lib/gbk.h', 420, 436 ]
482 silly gunzTarPerm extractEntry deps/libiconv/lib/gbkext1.h
483 silly gunzTarPerm modified mode [ 'deps/libiconv/lib/gbkext1.h', 420, 436 ]
484 silly gunzTarPerm extractEntry deps/libiconv/lib/gbkext2.h
485 silly gunzTarPerm modified mode [ 'deps/libiconv/lib/gbkext2.h', 420, 436 ]
486 silly gunzTarPerm extractEntry deps/libiconv/lib/gbkext_inv.h
487 silly gunzTarPerm modified mode [ 'deps/libiconv/lib/gbkext_inv.h', 420, 436 ]
488 silly gunzTarPerm extractEntry deps/libiconv/lib/georgian_academy.h
489 silly gunzTarPerm modified mode [ 'deps/libiconv/lib/georgian_academy.h', 420, 436 ]
490 silly gunzTarPerm extractEntry deps/libiconv/lib/georgian_ps.h
491 silly gunzTarPerm modified mode [ 'deps/libiconv/lib/georgian_ps.h', 420, 436 ]
492 silly gunzTarPerm extractEntry deps/libiconv/lib/hkscs1999.h
493 silly gunzTarPerm modified mode [ 'deps/libiconv/lib/hkscs1999.h', 420, 436 ]
494 silly gunzTarPerm extractEntry deps/libiconv/lib/hkscs2001.h
495 silly gunzTarPerm modified mode [ 'deps/libiconv/lib/hkscs2001.h', 420, 436 ]
496 silly gunzTarPerm extractEntry deps/libiconv/lib/hkscs2004.h
497 silly gunzTarPerm modified mode [ 'deps/libiconv/lib/hkscs2004.h', 420, 436 ]
498 silly gunzTarPerm extractEntry deps/libiconv/lib/hkscs2008.h
499 silly gunzTarPerm modified mode [ 'deps/libiconv/lib/hkscs2008.h', 420, 436 ]
500 silly gunzTarPerm extractEntry deps/libiconv/lib/hp_roman8.h
501 silly gunzTarPerm modified mode [ 'deps/libiconv/lib/hp_roman8.h', 420, 436 ]
502 silly gunzTarPerm extractEntry deps/libiconv/lib/hz.h
503 silly gunzTarPerm modified mode [ 'deps/libiconv/lib/hz.h', 420, 436 ]
504 silly gunzTarPerm extractEntry deps/libiconv/lib/iconv.c
505 silly gunzTarPerm modified mode [ 'deps/libiconv/lib/iconv.c', 420, 436 ]
506 silly gunzTarPerm extractEntry deps/libiconv/lib/iconv_open1.h
507 silly gunzTarPerm modified mode [ 'deps/libiconv/lib/iconv_open1.h', 420, 436 ]
508 silly gunzTarPerm extractEntry deps/libiconv/lib/iconv_open2.h
509 silly gunzTarPerm modified mode [ 'deps/libiconv/lib/iconv_open2.h', 420, 436 ]
510 silly gunzTarPerm extractEntry deps/libiconv/lib/iso2022_cn.h
511 silly gunzTarPerm modified mode [ 'deps/libiconv/lib/iso2022_cn.h', 420, 436 ]
512 silly gunzTarPerm extractEntry deps/libiconv/lib/iso2022_cnext.h
513 silly gunzTarPerm modified mode [ 'deps/libiconv/lib/iso2022_cnext.h', 420, 436 ]
514 silly gunzTarPerm extractEntry deps/libiconv/lib/iso2022_jp.h
515 silly gunzTarPerm modified mode [ 'deps/libiconv/lib/iso2022_jp.h', 420, 436 ]
516 silly gunzTarPerm extractEntry deps/libiconv/lib/iso2022_jp1.h
517 silly gunzTarPerm modified mode [ 'deps/libiconv/lib/iso2022_jp1.h', 420, 436 ]
518 silly gunzTarPerm extractEntry deps/libiconv/lib/iso2022_jp2.h
519 silly gunzTarPerm modified mode [ 'deps/libiconv/lib/iso2022_jp2.h', 420, 436 ]
520 silly gunzTarPerm extractEntry deps/libiconv/lib/iso2022_jp3.h
521 silly gunzTarPerm modified mode [ 'deps/libiconv/lib/iso2022_jp3.h', 420, 436 ]
522 silly gunzTarPerm extractEntry deps/libiconv/lib/iso2022_jpms.h
523 silly gunzTarPerm modified mode [ 'deps/libiconv/lib/iso2022_jpms.h', 420, 436 ]
524 silly gunzTarPerm extractEntry deps/libiconv/lib/iso2022_kr.h
525 silly gunzTarPerm modified mode [ 'deps/libiconv/lib/iso2022_kr.h', 420, 436 ]
526 silly gunzTarPerm extractEntry deps/libiconv/lib/iso646_cn.h
527 silly gunzTarPerm modified mode [ 'deps/libiconv/lib/iso646_cn.h', 420, 436 ]
528 silly gunzTarPerm extractEntry deps/libiconv/lib/iso646_jp.h
529 silly gunzTarPerm modified mode [ 'deps/libiconv/lib/iso646_jp.h', 420, 436 ]
530 silly gunzTarPerm extractEntry deps/libiconv/lib/iso8859_1.h
531 silly gunzTarPerm modified mode [ 'deps/libiconv/lib/iso8859_1.h', 420, 436 ]
532 silly gunzTarPerm extractEntry deps/libiconv/lib/iso8859_10.h
533 silly gunzTarPerm modified mode [ 'deps/libiconv/lib/iso8859_10.h', 420, 436 ]
534 silly gunzTarPerm extractEntry deps/libiconv/lib/iso8859_11.h
535 silly gunzTarPerm modified mode [ 'deps/libiconv/lib/iso8859_11.h', 420, 436 ]
536 silly gunzTarPerm extractEntry deps/libiconv/lib/iso8859_13.h
537 silly gunzTarPerm modified mode [ 'deps/libiconv/lib/iso8859_13.h', 420, 436 ]
538 silly gunzTarPerm extractEntry deps/libiconv/lib/iso8859_14.h
539 silly gunzTarPerm modified mode [ 'deps/libiconv/lib/iso8859_14.h', 420, 436 ]
540 silly gunzTarPerm extractEntry deps/libiconv/lib/iso8859_15.h
541 silly gunzTarPerm modified mode [ 'deps/libiconv/lib/iso8859_15.h', 420, 436 ]
542 silly gunzTarPerm extractEntry deps/libiconv/lib/iso8859_16.h
543 silly gunzTarPerm modified mode [ 'deps/libiconv/lib/iso8859_16.h', 420, 436 ]
544 silly gunzTarPerm extractEntry deps/libiconv/lib/iso8859_2.h
545 silly gunzTarPerm modified mode [ 'deps/libiconv/lib/iso8859_2.h', 420, 436 ]
546 silly gunzTarPerm extractEntry deps/libiconv/lib/iso8859_3.h
547 silly gunzTarPerm modified mode [ 'deps/libiconv/lib/iso8859_3.h', 420, 436 ]
548 silly gunzTarPerm extractEntry deps/libiconv/lib/iso8859_4.h
549 silly gunzTarPerm modified mode [ 'deps/libiconv/lib/iso8859_4.h', 420, 436 ]
550 silly gunzTarPerm extractEntry deps/libiconv/lib/iso8859_5.h
551 silly gunzTarPerm modified mode [ 'deps/libiconv/lib/iso8859_5.h', 420, 436 ]
552 silly gunzTarPerm extractEntry deps/libiconv/lib/iso8859_6.h
553 silly gunzTarPerm modified mode [ 'deps/libiconv/lib/iso8859_6.h', 420, 436 ]
554 silly gunzTarPerm extractEntry deps/libiconv/lib/iso8859_7.h
555 silly gunzTarPerm modified mode [ 'deps/libiconv/lib/iso8859_7.h', 420, 436 ]
556 silly gunzTarPerm extractEntry deps/libiconv/lib/iso8859_8.h
557 silly gunzTarPerm modified mode [ 'deps/libiconv/lib/iso8859_8.h', 420, 436 ]
558 silly gunzTarPerm extractEntry deps/libiconv/lib/iso8859_9.h
559 silly gunzTarPerm modified mode [ 'deps/libiconv/lib/iso8859_9.h', 420, 436 ]
560 silly gunzTarPerm extractEntry deps/libiconv/lib/isoir165.h
561 silly gunzTarPerm modified mode [ 'deps/libiconv/lib/isoir165.h', 420, 436 ]
562 silly gunzTarPerm extractEntry deps/libiconv/lib/isoir165ext.h
563 silly gunzTarPerm modified mode [ 'deps/libiconv/lib/isoir165ext.h', 420, 436 ]
564 silly gunzTarPerm extractEntry deps/libiconv/lib/java.h
565 silly gunzTarPerm modified mode [ 'deps/libiconv/lib/java.h', 420, 436 ]
566 silly gunzTarPerm extractEntry deps/libiconv/lib/jisx0201.h
567 silly gunzTarPerm modified mode [ 'deps/libiconv/lib/jisx0201.h', 420, 436 ]
568 silly gunzTarPerm extractEntry deps/libiconv/lib/jisx0208.h
569 silly gunzTarPerm modified mode [ 'deps/libiconv/lib/jisx0208.h', 420, 436 ]
570 silly gunzTarPerm extractEntry deps/libiconv/lib/jisx0212.h
571 silly gunzTarPerm modified mode [ 'deps/libiconv/lib/jisx0212.h', 420, 436 ]
572 silly gunzTarPerm extractEntry deps/libiconv/lib/jisx0213.h
573 silly gunzTarPerm modified mode [ 'deps/libiconv/lib/jisx0213.h', 420, 436 ]
574 silly gunzTarPerm extractEntry deps/libiconv/lib/johab.h
575 silly gunzTarPerm modified mode [ 'deps/libiconv/lib/johab.h', 420, 436 ]
576 silly gunzTarPerm extractEntry deps/libiconv/lib/johab_hangul.h
577 silly gunzTarPerm modified mode [ 'deps/libiconv/lib/johab_hangul.h', 420, 436 ]
578 silly gunzTarPerm extractEntry deps/libiconv/lib/koi8_r.h
579 silly gunzTarPerm modified mode [ 'deps/libiconv/lib/koi8_r.h', 420, 436 ]
580 silly gunzTarPerm extractEntry deps/libiconv/lib/koi8_ru.h
581 silly gunzTarPerm modified mode [ 'deps/libiconv/lib/koi8_ru.h', 420, 436 ]
582 silly gunzTarPerm extractEntry deps/libiconv/lib/koi8_t.h
583 silly gunzTarPerm modified mode [ 'deps/libiconv/lib/koi8_t.h', 420, 436 ]
584 silly gunzTarPerm extractEntry deps/libiconv/lib/koi8_u.h
585 silly gunzTarPerm modified mode [ 'deps/libiconv/lib/koi8_u.h', 420, 436 ]
586 silly gunzTarPerm extractEntry deps/libiconv/lib/ksc5601.h
587 silly gunzTarPerm modified mode [ 'deps/libiconv/lib/ksc5601.h', 420, 436 ]
588 silly gunzTarPerm extractEntry deps/libiconv/lib/loop_unicode.h
589 silly gunzTarPerm modified mode [ 'deps/libiconv/lib/loop_unicode.h', 420, 436 ]
590 silly gunzTarPerm extractEntry deps/libiconv/lib/loop_wchar.h
591 silly gunzTarPerm modified mode [ 'deps/libiconv/lib/loop_wchar.h', 420, 436 ]
592 silly gunzTarPerm extractEntry deps/libiconv/lib/loops.h
593 silly gunzTarPerm modified mode [ 'deps/libiconv/lib/loops.h', 420, 436 ]
594 silly gunzTarPerm extractEntry deps/libiconv/lib/mac_arabic.h
595 silly gunzTarPerm modified mode [ 'deps/libiconv/lib/mac_arabic.h', 420, 436 ]
596 silly gunzTarPerm extractEntry deps/libiconv/lib/mac_centraleurope.h
597 silly gunzTarPerm modified mode [ 'deps/libiconv/lib/mac_centraleurope.h', 420, 436 ]
598 silly gunzTarPerm extractEntry deps/libiconv/lib/mac_croatian.h
599 silly gunzTarPerm modified mode [ 'deps/libiconv/lib/mac_croatian.h', 420, 436 ]
600 silly gunzTarPerm extractEntry deps/libiconv/lib/mac_cyrillic.h
601 silly gunzTarPerm modified mode [ 'deps/libiconv/lib/mac_cyrillic.h', 420, 436 ]
602 silly gunzTarPerm extractEntry deps/libiconv/lib/mac_greek.h
603 silly gunzTarPerm modified mode [ 'deps/libiconv/lib/mac_greek.h', 420, 436 ]
604 silly gunzTarPerm extractEntry deps/libiconv/lib/mac_hebrew.h
605 silly gunzTarPerm modified mode [ 'deps/libiconv/lib/mac_hebrew.h', 420, 436 ]
606 silly gunzTarPerm extractEntry deps/libiconv/lib/mac_iceland.h
607 silly gunzTarPerm modified mode [ 'deps/libiconv/lib/mac_iceland.h', 420, 436 ]
608 silly gunzTarPerm extractEntry deps/libiconv/lib/mac_roman.h
609 silly gunzTarPerm modified mode [ 'deps/libiconv/lib/mac_roman.h', 420, 436 ]
610 silly gunzTarPerm extractEntry deps/libiconv/lib/mac_romania.h
611 silly gunzTarPerm modified mode [ 'deps/libiconv/lib/mac_romania.h', 420, 436 ]
612 silly gunzTarPerm extractEntry deps/libiconv/lib/mac_thai.h
613 silly gunzTarPerm modified mode [ 'deps/libiconv/lib/mac_thai.h', 420, 436 ]
614 silly gunzTarPerm extractEntry deps/libiconv/lib/mac_turkish.h
615 silly gunzTarPerm modified mode [ 'deps/libiconv/lib/mac_turkish.h', 420, 436 ]
616 silly gunzTarPerm extractEntry deps/libiconv/lib/mac_ukraine.h
617 silly gunzTarPerm modified mode [ 'deps/libiconv/lib/mac_ukraine.h', 420, 436 ]
618 silly gunzTarPerm extractEntry deps/libiconv/lib/mulelao.h
619 silly gunzTarPerm modified mode [ 'deps/libiconv/lib/mulelao.h', 420, 436 ]
620 silly gunzTarPerm extractEntry deps/libiconv/lib/nextstep.h
621 silly gunzTarPerm modified mode [ 'deps/libiconv/lib/nextstep.h', 420, 436 ]
622 silly gunzTarPerm extractEntry deps/libiconv/lib/pt154.h
623 silly gunzTarPerm modified mode [ 'deps/libiconv/lib/pt154.h', 420, 436 ]
624 silly gunzTarPerm extractEntry deps/libiconv/lib/riscos1.h
625 silly gunzTarPerm modified mode [ 'deps/libiconv/lib/riscos1.h', 420, 436 ]
626 silly gunzTarPerm extractEntry deps/libiconv/lib/rk1048.h
627 silly gunzTarPerm modified mode [ 'deps/libiconv/lib/rk1048.h', 420, 436 ]
628 silly gunzTarPerm extractEntry deps/libiconv/lib/shift_jisx0213.h
629 silly gunzTarPerm modified mode [ 'deps/libiconv/lib/shift_jisx0213.h', 420, 436 ]
630 silly gunzTarPerm extractEntry deps/libiconv/lib/sjis.h
631 silly gunzTarPerm modified mode [ 'deps/libiconv/lib/sjis.h', 420, 436 ]
632 silly gunzTarPerm extractEntry deps/libiconv/lib/tcvn.h
633 silly gunzTarPerm modified mode [ 'deps/libiconv/lib/tcvn.h', 420, 436 ]
634 silly gunzTarPerm extractEntry deps/libiconv/lib/tds565.h
635 silly gunzTarPerm modified mode [ 'deps/libiconv/lib/tds565.h', 420, 436 ]
636 silly gunzTarPerm extractEntry deps/libiconv/lib/tis620.h
637 silly gunzTarPerm modified mode [ 'deps/libiconv/lib/tis620.h', 420, 436 ]
638 silly gunzTarPerm extractEntry deps/libiconv/lib/translit.h
639 silly gunzTarPerm modified mode [ 'deps/libiconv/lib/translit.h', 420, 436 ]
640 silly gunzTarPerm extractEntry deps/libiconv/lib/ucs2.h
641 silly gunzTarPerm modified mode [ 'deps/libiconv/lib/ucs2.h', 420, 436 ]
642 silly gunzTarPerm extractEntry deps/libiconv/lib/ucs2be.h
643 silly gunzTarPerm modified mode [ 'deps/libiconv/lib/ucs2be.h', 420, 436 ]
644 silly gunzTarPerm extractEntry deps/libiconv/lib/ucs2internal.h
645 silly gunzTarPerm modified mode [ 'deps/libiconv/lib/ucs2internal.h', 420, 436 ]
646 silly gunzTarPerm extractEntry deps/libiconv/lib/ucs2le.h
647 silly gunzTarPerm modified mode [ 'deps/libiconv/lib/ucs2le.h', 420, 436 ]
648 silly gunzTarPerm extractEntry deps/libiconv/lib/ucs2swapped.h
649 silly gunzTarPerm modified mode [ 'deps/libiconv/lib/ucs2swapped.h', 420, 436 ]
650 silly gunzTarPerm extractEntry deps/libiconv/lib/ucs4.h
651 silly gunzTarPerm modified mode [ 'deps/libiconv/lib/ucs4.h', 420, 436 ]
652 silly gunzTarPerm extractEntry deps/libiconv/lib/ucs4be.h
653 silly gunzTarPerm modified mode [ 'deps/libiconv/lib/ucs4be.h', 420, 436 ]
654 silly gunzTarPerm extractEntry deps/libiconv/lib/ucs4internal.h
655 silly gunzTarPerm modified mode [ 'deps/libiconv/lib/ucs4internal.h', 420, 436 ]
656 silly gunzTarPerm extractEntry deps/libiconv/lib/ucs4le.h
657 silly gunzTarPerm modified mode [ 'deps/libiconv/lib/ucs4le.h', 420, 436 ]
658 silly gunzTarPerm extractEntry deps/libiconv/lib/ucs4swapped.h
659 silly gunzTarPerm modified mode [ 'deps/libiconv/lib/ucs4swapped.h', 420, 436 ]
660 silly gunzTarPerm extractEntry deps/libiconv/lib/uhc_1.h
661 silly gunzTarPerm modified mode [ 'deps/libiconv/lib/uhc_1.h', 420, 436 ]
662 silly gunzTarPerm extractEntry deps/libiconv/lib/uhc_2.h
663 silly gunzTarPerm modified mode [ 'deps/libiconv/lib/uhc_2.h', 420, 436 ]
664 silly gunzTarPerm extractEntry deps/libiconv/lib/utf16.h
665 silly gunzTarPerm modified mode [ 'deps/libiconv/lib/utf16.h', 420, 436 ]
666 silly gunzTarPerm extractEntry deps/libiconv/lib/utf16be.h
667 silly gunzTarPerm modified mode [ 'deps/libiconv/lib/utf16be.h', 420, 436 ]
668 silly gunzTarPerm extractEntry deps/libiconv/lib/utf16le.h
669 silly gunzTarPerm modified mode [ 'deps/libiconv/lib/utf16le.h', 420, 436 ]
670 silly gunzTarPerm extractEntry deps/libiconv/lib/utf32.h
671 silly gunzTarPerm modified mode [ 'deps/libiconv/lib/utf32.h', 420, 436 ]
672 silly gunzTarPerm extractEntry deps/libiconv/lib/utf32be.h
673 silly gunzTarPerm modified mode [ 'deps/libiconv/lib/utf32be.h', 420, 436 ]
674 silly gunzTarPerm extractEntry deps/libiconv/lib/utf32le.h
675 silly gunzTarPerm modified mode [ 'deps/libiconv/lib/utf32le.h', 420, 436 ]
676 silly gunzTarPerm extractEntry deps/libiconv/lib/utf7.h
677 silly gunzTarPerm modified mode [ 'deps/libiconv/lib/utf7.h', 420, 436 ]
678 silly gunzTarPerm extractEntry deps/libiconv/lib/utf8.h
679 silly gunzTarPerm modified mode [ 'deps/libiconv/lib/utf8.h', 420, 436 ]
680 silly gunzTarPerm extractEntry deps/libiconv/lib/vietcomb.h
681 silly gunzTarPerm modified mode [ 'deps/libiconv/lib/vietcomb.h', 420, 436 ]
682 silly gunzTarPerm extractEntry deps/libiconv/lib/viscii.h
683 silly gunzTarPerm modified mode [ 'deps/libiconv/lib/viscii.h', 420, 436 ]
684 silly gunzTarPerm extractEntry lib/iconv.js
685 silly gunzTarPerm modified mode [ 'lib/iconv.js', 420, 436 ]
686 silly gunzTarPerm extractEntry src/binding.cc
687 silly gunzTarPerm modified mode [ 'src/binding.cc', 420, 436 ]
688 silly gunzTarPerm extractEntry support/config.h
689 silly gunzTarPerm modified mode [ 'support/config.h', 420, 436 ]
690 silly gunzTarPerm extractEntry support/iconv.h
691 silly gunzTarPerm modified mode [ 'support/iconv.h', 420, 436 ]
692 silly gunzTarPerm extractEntry support/localcharset.c
693 silly gunzTarPerm modified mode [ 'support/localcharset.c', 420, 436 ]
694 silly gunzTarPerm extractEntry support/localcharset.h
695 silly gunzTarPerm modified mode [ 'support/localcharset.h', 420, 436 ]
696 silly gunzTarPerm extractEntry test/run-tests.js
697 silly gunzTarPerm modified mode [ 'test/run-tests.js', 420, 436 ]
698 silly gunzTarPerm extractEntry test/test-basic.js
699 silly gunzTarPerm modified mode [ 'test/test-basic.js', 420, 436 ]
700 silly gunzTarPerm extractEntry test/test-big-buffer.js
701 silly gunzTarPerm modified mode [ 'test/test-big-buffer.js', 420, 436 ]
702 silly gunzTarPerm extractEntry test/test-stream.js
703 silly gunzTarPerm modified mode [ 'test/test-stream.js', 420, 436 ]
704 silly gunzTarPerm extractEntry test/fixtures/lorem-ipsum.txt
705 silly gunzTarPerm modified mode [ 'test/fixtures/lorem-ipsum.txt', 420, 436 ]
706 silly gentlyRm /home/ec2-user/app/WeChatPublicAccount/node_modules/.staging/iconv-02068bed/node_modules is being purged
707 verbose gentlyRm don't care about contents; nuking /home/ec2-user/app/WeChatPublicAccount/node_modules/.staging/iconv-02068bed/node_modules
708 silly doParallel preinstall 2
709 silly preinstall nan@2.6.2 /home/ec2-user/app/WeChatPublicAccount/node_modules/.staging/nan-0863bd9c
710 info lifecycle nan@2.6.2~preinstall: nan@2.6.2
711 silly preinstall iconv@2.3.0 /home/ec2-user/app/WeChatPublicAccount/node_modules/.staging/iconv-02068bed
712 info lifecycle iconv@2.3.0~preinstall: iconv@2.3.0
713 silly lifecycle nan@2.6.2~preinstall: no script for preinstall, continuing
714 silly lifecycle iconv@2.3.0~preinstall: no script for preinstall, continuing
715 silly doReverseSerial remove 0
716 silly doSerial move 0
717 silly doSerial finalize 2
718 silly finalize /home/ec2-user/app/WeChatPublicAccount/node_modules/nan
719 silly finalize /home/ec2-user/app/WeChatPublicAccount/node_modules/iconv
720 silly doSerial build 2
721 silly build nan@2.6.2
722 info linkStuff nan@2.6.2
723 silly linkStuff nan@2.6.2 has /home/ec2-user/app/WeChatPublicAccount/node_modules as its parent node_modules
724 verbose linkBins nan@2.6.2
725 verbose linkMans nan@2.6.2
726 silly build iconv@2.3.0
727 info linkStuff iconv@2.3.0
728 silly linkStuff iconv@2.3.0 has /home/ec2-user/app/WeChatPublicAccount/node_modules as its parent node_modules
729 verbose linkBins iconv@2.3.0
730 verbose linkMans iconv@2.3.0
731 silly doSerial global-link 0
732 silly doParallel update-linked 0
733 silly doSerial install 2
734 silly install nan@2.6.2 /home/ec2-user/app/WeChatPublicAccount/node_modules/.staging/nan-0863bd9c
735 info lifecycle nan@2.6.2~install: nan@2.6.2
736 silly lifecycle nan@2.6.2~install: no script for install, continuing
737 silly install iconv@2.3.0 /home/ec2-user/app/WeChatPublicAccount/node_modules/.staging/iconv-02068bed
738 info lifecycle iconv@2.3.0~install: iconv@2.3.0
739 verbose lifecycle iconv@2.3.0~install: unsafe-perm in lifecycle true
740 verbose lifecycle iconv@2.3.0~install: PATH: /home/ec2-user/software/node-v6.11.0-linux-x64/lib/node_modules/npm/bin/node-gyp-bin:/home/ec2-user/app/WeChatPublicAccount/node_modules/iconv/node_modules/.bin:/home/ec2-user/app/WeChatPublicAccount/node_modules/.bin:/usr/local/git/bin:/home/ec2-user/software/node-v6.11.0-linux-x64/bin:/usr/local/bin:/usr/bin:/usr/local/sbin:/usr/sbin:/home/ec2-user/.local/bin:/home/ec2-user/bin
741 verbose lifecycle iconv@2.3.0~install: CWD: /home/ec2-user/app/WeChatPublicAccount/node_modules/iconv
742 silly lifecycle iconv@2.3.0~install: Args: [ '-c', 'node-gyp rebuild' ]
743 silly lifecycle iconv@2.3.0~install: Returned: code: 1  signal: null
744 info lifecycle iconv@2.3.0~install: Failed to exec install script
745 verbose unlock done using /home/ec2-user/.npm/_locks/staging-66840dd120c5796c.lock for /home/ec2-user/app/WeChatPublicAccount/node_modules/.staging
746 silly rollbackFailedOptional Starting
747 silly rollbackFailedOptional Finishing
748 silly runTopLevelLifecycles Finishing
749 silly install printInstalled
750 warn enoent ENOENT: no such file or directory, open '/home/ec2-user/app/WeChatPublicAccount/package.json'
751 verbose enoent ENOENT: no such file or directory, open '/home/ec2-user/app/WeChatPublicAccount/package.json'
751 verbose enoent This is most likely not a problem with npm itself
751 verbose enoent and is related to npm not being able to find a file.
752 warn WeChatPublicAccount No description
753 verbose If you need help, you may report this error at:
753 verbose     <https://github.com/npm/npm/issues>
754 warn WeChatPublicAccount No repository field.
755 verbose If you need help, you may report this error at:
755 verbose     <https://github.com/npm/npm/issues>
756 warn WeChatPublicAccount No README data
757 verbose If you need help, you may report this error at:
757 verbose     <https://github.com/npm/npm/issues>
758 warn WeChatPublicAccount No license field.
759 verbose If you need help, you may report this error at:
759 verbose     <https://github.com/npm/npm/issues>
760 verbose stack Error: iconv@2.3.0 install: `node-gyp rebuild`
760 verbose stack Exit status 1
760 verbose stack     at EventEmitter.<anonymous> (/home/ec2-user/software/node-v6.11.0-linux-x64/lib/node_modules/npm/lib/utils/lifecycle.js:255:16)
760 verbose stack     at emitTwo (events.js:106:13)
760 verbose stack     at EventEmitter.emit (events.js:191:7)
760 verbose stack     at ChildProcess.<anonymous> (/home/ec2-user/software/node-v6.11.0-linux-x64/lib/node_modules/npm/lib/utils/spawn.js:40:14)
760 verbose stack     at emitTwo (events.js:106:13)
760 verbose stack     at ChildProcess.emit (events.js:191:7)
760 verbose stack     at maybeClose (internal/child_process.js:891:16)
760 verbose stack     at Process.ChildProcess._handle.onexit (internal/child_process.js:226:5)
761 verbose pkgid iconv@2.3.0
762 verbose cwd /home/ec2-user/app/WeChatPublicAccount
763 error Linux 3.10.0-514.21.2.el7.x86_64
764 error argv "/home/ec2-user/software/node-v6.11.0-linux-x64/bin/node" "/home/ec2-user/software/node-v6.11.0-linux-x64/bin/npm" "install" "iconv"
765 error node v6.11.0
766 error npm  v3.10.10
767 error code ELIFECYCLE
768 error iconv@2.3.0 install: `node-gyp rebuild`
768 error Exit status 1
769 error Failed at the iconv@2.3.0 install script 'node-gyp rebuild'.
769 error Make sure you have the latest version of node.js and npm installed.
769 error If you do, this is most likely a problem with the iconv package,
769 error not with npm itself.
769 error Tell the author that this fails on your system:
769 error     node-gyp rebuild
769 error You can get information on how to open an issue for this project with:
769 error     npm bugs iconv
769 error Or if that isn't available, you can get their info via:
769 error     npm owner ls iconv
769 error There is likely additional logging output above.
770 verbose exit [ 1, true ]
